<?xml version="1.0" encoding="UTF-8"?>
<!-- Generated by org.testng.reporters.JUnitReportReporter -->
<testsuite hostname="LAPTOP-VPD2VMP9" failures="0" tests="2" name="testNG.Class9_ParallelTest4" time="0.008" errors="0" timestamp="2022-11-18T16:34:39 IST" skipped="0">
  <testcase classname="testNG.Class9_ParallelTest4" name="method13" time="0.006"/>
  <system-out/>
  <testcase classname="testNG.Class9_ParallelTest4" name="method14" time="0.002"/>
  <system-out/>
</testsuite> <!-- testNG.Class9_ParallelTest4 -->
