<?xml version="1.0" encoding="UTF-8"?>
<!-- Generated by org.testng.reporters.JUnitReportReporter -->
<testsuite hostname="LAPTOP-VPD2VMP9" failures="0" tests="1" name="testNG.Class1" time="0.007" errors="0" timestamp="2022-11-07T15:26:44 IST" skipped="0">
  <testcase classname="testNG.Class1" name="verifyHomePage" time="0.007"/>
  <system-out/>
</testsuite> <!-- testNG.Class1 -->
