<?xml version="1.0" encoding="UTF-8"?>
<!-- Generated by org.testng.reporters.JUnitReportReporter -->
<testsuite hostname="LAPTOP-VPD2VMP9" failures="0" tests="3" name="testNG.Class5_groups2" time="0.001" errors="0" timestamp="2022-11-18T14:27:22 IST" skipped="0">
  <testcase classname="testNG.Class5_groups2" name="run9" time="0.001"/>
  <system-out/>
  <testcase classname="testNG.Class5_groups2" name="run10" time="0.000"/>
  <system-out/>
  <testcase classname="testNG.Class5_groups2" name="run7" time="0.000"/>
  <system-out/>
</testsuite> <!-- testNG.Class5_groups2 -->
