<?xml version="1.0" encoding="UTF-8"?>
<!-- Generated by org.testng.reporters.JUnitReportReporter -->
<testsuite hostname="LAPTOP-VPD2VMP9" failures="0" tests="5" name="testNG.Class9_ParallelTest1" time="0.009" errors="0" timestamp="2022-11-18T16:34:39 IST" skipped="0">
  <testcase classname="testNG.Class9_ParallelTest1" name="method2" time="0.000"/>
  <system-out/>
  <testcase classname="testNG.Class9_ParallelTest1" name="method4" time="0.001"/>
  <system-out/>
  <testcase classname="testNG.Class9_ParallelTest1" name="method1" time="0.006"/>
  <system-out/>
  <testcase classname="testNG.Class9_ParallelTest1" name="method3" time="0.001"/>
  <system-out/>
  <testcase classname="testNG.Class9_ParallelTest1" name="method5" time="0.001"/>
  <system-out/>
</testsuite> <!-- testNG.Class9_ParallelTest1 -->
