<?xml version="1.0" encoding="UTF-8"?>
<!-- Generated by org.testng.reporters.JUnitReportReporter -->
<testsuite hostname="LAPTOP-VPD2VMP9" failures="0" tests="3" name="extentReport.ExtentReportGeneration" time="0.013" errors="0" timestamp="2022-10-26T15:16:23 IST" skipped="0">
  <testcase classname="extentReport.ExtentReportGeneration" name="method1" time="0.011"/>
  <system-out/>
  <testcase classname="extentReport.ExtentReportGeneration" name="method2" time="0.001"/>
  <system-out/>
  <testcase classname="extentReport.ExtentReportGeneration" name="method3" time="0.001"/>
  <system-out/>
</testsuite> <!-- extentReport.ExtentReportGeneration -->
