<?xml version="1.0" encoding="UTF-8"?>
<!-- Generated by org.testng.reporters.JUnitReportReporter -->
<testsuite hostname="LAPTOP-VPD2VMP9" failures="0" tests="4" name="testNG.Class3" time="0.010" errors="0" timestamp="2022-11-07T15:43:50 IST" skipped="0">
  <testcase classname="testNG.Class3" name="login" time="0.007"/>
  <system-out/>
  <testcase classname="testNG.Class3" name="logout" time="0.001"/>
  <system-out/>
  <testcase classname="testNG.Class3" name="contactUSPage" time="0.001"/>
  <system-out/>
  <testcase classname="testNG.Class3" name="homePage" time="0.001"/>
  <system-out/>
</testsuite> <!-- testNG.Class3 -->
