<?xml version="1.0" encoding="UTF-8"?>
<!-- Generated by org.testng.reporters.JUnitReportReporter -->
<testsuite hostname="LAPTOP-VPD2VMP9" failures="0" tests="2" name="testNG.Class8_ExcelReader6_DataProvider_usages" time="96.751" errors="0" timestamp="2022-11-08T20:46:34 IST" skipped="0">
  <testcase classname="testNG.Class8_ExcelReader6_DataProvider_usages" name="loginValidation" time="86.472"/>
  <system-out/>
  <testcase classname="testNG.Class8_ExcelReader6_DataProvider_usages" name="loginValidation" time="10.279"/>
  <system-out/>
</testsuite> <!-- testNG.Class8_ExcelReader6_DataProvider_usages -->
