<?xml version="1.0" encoding="UTF-8"?>
<!-- Generated by org.testng.reporters.JUnitReportReporter -->
<testsuite hostname="LAPTOP-VPD2VMP9" failures="0" tests="2" name="testNG.Class8_DataProvider3" time="20.571" errors="0" timestamp="2022-11-08T18:38:02 IST" skipped="0">
  <testcase classname="testNG.Class8_DataProvider3" name="loginValidation" time="13.762"/>
  <system-out/>
  <testcase classname="testNG.Class8_DataProvider3" name="loginValidation" time="6.809"/>
  <system-out/>
</testsuite> <!-- testNG.Class8_DataProvider3 -->
