<?xml version="1.0" encoding="UTF-8"?>
<!-- Generated by org.testng.reporters.JUnitReportReporter -->
<testsuite hostname="LAPTOP-VPD2VMP9" failures="0" tests="7" name="testNG.Class4" time="0.014" errors="0" timestamp="2022-11-07T16:16:00 IST" skipped="1">
  <testcase classname="testNG.Class4" name="run2" time="0.009"/>
  <system-out/>
  <testcase classname="testNG.Class4" name="run2" time="0.001"/>
  <system-out/>
  <testcase classname="testNG.Class4" name="run2" time="0.001"/>
  <system-out/>
  <testcase classname="testNG.Class4" name="run2" time="0.001"/>
  <system-out/>
  <testcase classname="testNG.Class4" name="run2" time="0.001"/>
  <system-out/>
  <testcase classname="testNG.Class4" name="run3" time="0.001"/>
  <system-out/>
  <testcase classname="testNG.Class4" name="run1">
    <skipped/>
  </testcase> <!-- run1 -->
  <system-out/>
</testsuite> <!-- testNG.Class4 -->
