<?xml version="1.0" encoding="UTF-8"?>
<!-- Generated by org.testng.reporters.JUnitReportReporter -->
<testsuite hostname="LAPTOP-VPD2VMP9" failures="0" tests="3" name="testNG.Class4_ignore" time="0.012" errors="0" timestamp="2022-11-07T16:59:19 IST" skipped="0">
  <testcase classname="testNG.Class4_ignore" name="run1" time="0.009"/>
  <system-out/>
  <testcase classname="testNG.Class4_ignore" name="run2" time="0.002"/>
  <system-out/>
  <testcase classname="testNG.Class4_ignore" name="run3" time="0.001"/>
  <system-out/>
</testsuite> <!-- testNG.Class4_ignore -->
