<?xml version="1.0" encoding="UTF-8"?>
<!-- Generated by org.testng.reporters.JUnitReportReporter -->
<testsuite hostname="LAPTOP-VPD2VMP9" failures="0" tests="4" name="testNG.Class9_ParallelTest2" time="0.006" errors="0" timestamp="2022-11-18T16:34:39 IST" skipped="0">
  <testcase classname="testNG.Class9_ParallelTest2" name="method8" time="0.001"/>
  <system-out/>
  <testcase classname="testNG.Class9_ParallelTest2" name="method7" time="0.002"/>
  <system-out/>
  <testcase classname="testNG.Class9_ParallelTest2" name="method9" time="0.001"/>
  <system-out/>
  <testcase classname="testNG.Class9_ParallelTest2" name="method6" time="0.002"/>
  <system-out/>
</testsuite> <!-- testNG.Class9_ParallelTest2 -->
