<?xml version="1.0" encoding="UTF-8"?>
<!-- Generated by org.testng.reporters.JUnitReportReporter -->
<testsuite hostname="LAPTOP-VPD2VMP9" failures="0" tests="2" name="testNG.Class8_DataProvider" time="20.812" errors="0" timestamp="2022-11-08T00:43:24 IST" skipped="0">
  <testcase classname="testNG.Class8_DataProvider" name="loginValidation" time="10.098"/>
  <system-out/>
  <testcase classname="testNG.Class8_DataProvider" name="loginValidation" time="10.714"/>
  <system-out/>
</testsuite> <!-- testNG.Class8_DataProvider -->
