<?xml version="1.0" encoding="UTF-8"?>
<!-- Generated by org.testng.reporters.JUnitReportReporter -->
<testsuite hostname="LAPTOP-VPD2VMP9" failures="0" tests="1" name="testNG.Class5_groups" time="0.010" errors="0" timestamp="2022-11-21T12:56:37 IST" skipped="0">
  <testcase classname="testNG.Class5_groups" name="run4" time="0.010"/>
  <system-out/>
</testsuite> <!-- testNG.Class5_groups -->
