<?xml version="1.0" encoding="UTF-8"?>
<!-- Generated by org.testng.reporters.JUnitReportReporter -->
<testsuite hostname="LAPTOP-VPD2VMP9" failures="0" tests="3" name="testNG.Class2" time="0.011" errors="0" timestamp="2022-11-07T15:32:13 IST" skipped="0">
  <testcase classname="testNG.Class2" name="login" time="0.001"/>
  <system-out/>
  <testcase classname="testNG.Class2" name="logout" time="0.001"/>
  <system-out/>
  <testcase classname="testNG.Class2" name="homePage" time="0.009"/>
  <system-out/>
</testsuite> <!-- testNG.Class2 -->
