<?xml version="1.0" encoding="UTF-8"?>
<!-- Generated by org.testng.reporters.JUnitReportReporter -->
<testsuite hostname="LAPTOP-VPD2VMP9" failures="0" tests="2" name="testNG.Class8_DataProvider2" time="20.918" errors="0" timestamp="2022-11-18T14:19:58 IST" skipped="0">
  <testcase classname="testNG.Class8_DataProvider2" name="loginValidation" time="11.787"/>
  <system-out/>
  <testcase classname="testNG.Class8_DataProvider2" name="loginValidation" time="9.131"/>
  <system-out/>
</testsuite> <!-- testNG.Class8_DataProvider2 -->
