<?xml version="1.0" encoding="UTF-8"?>
<!-- Generated by org.testng.reporters.JUnitReportReporter -->
<testsuite hostname="LAPTOP-VPD2VMP9" failures="0" tests="2" name="tesng.DataProviderUse2" time="18.007" errors="0" timestamp="2022-10-18T23:25:13 IST" skipped="0">
  <testcase classname="tesng.DataProviderUse2" name="loginValidation" time="7.314"/>
  <system-out/>
  <testcase classname="tesng.DataProviderUse2" name="loginValidation" time="10.693"/>
  <system-out/>
</testsuite> <!-- tesng.DataProviderUse2 -->
