<?xml version="1.0" encoding="UTF-8"?>
<!-- Generated by org.testng.reporters.JUnitReportReporter -->
<testsuite hostname="LAPTOP-VPD2VMP9" failures="0" tests="4" name="testNG.Class8_DataProvider1" time="0.010" errors="0" timestamp="2022-11-08T14:05:11 IST" skipped="0">
  <testcase classname="testNG.Class8_DataProvider1" name="validate4" time="0.001"/>
  <system-out/>
  <testcase classname="testNG.Class8_DataProvider1" name="validate4" time="0.007"/>
  <system-out/>
  <testcase classname="testNG.Class8_DataProvider1" name="validate4" time="0.001"/>
  <system-out/>
  <testcase classname="testNG.Class8_DataProvider1" name="validate4" time="0.001"/>
  <system-out/>
</testsuite> <!-- testNG.Class8_DataProvider1 -->
